# JRE version: OpenJDK Runtime Environment Temurin-17.0.4.1+1 (17.0.4.1+1) (build 17.0.4.1+1)
# Java VM: OpenJDK 64-Bit Server VM Temurin-17.0.4.1+1 (17.0.4.1+1, mixed mode, tiered, compressed oops, compressed class ptrs, parallel gc, linux-amd64)
GC Precious Log:
 CPUs: 2 total, 2 available
 Memory: 3924M
 Large Page Support: Disabled
 NUMA Support: Disabled
 Compressed Oops: Enabled (32-bit)
 Alignments: Space 512K, Generation 512K, Heap 2M
 Heap Min Capacity: 100M
 Heap Initial Capacity: 100M
 Heap Max Capacity: 1G
 Pre-touch: Disabled
 Parallel Workers: 2
Heap:
 PSYoungGen      total 27136K, used 26836K [0x00000000eab00000, 0x00000000ecc80000, 0x0000000100000000)
  eden space 26112K, 100% used [0x00000000eab00000,0x00000000ec480000,0x00000000ec480000)
  from space 1024K, 70% used [0x00000000ecb80000,0x00000000ecc35200,0x00000000ecc80000)
  to   space 1024K, 58% used [0x00000000eca80000,0x00000000ecb15200,0x00000000ecb80000)
 ParOldGen       total 193024K, used 145396K [0x00000000c0000000, 0x00000000cbc80000, 0x00000000eab00000)
  object space 193024K, 75% used [0x00000000c0000000,0x00000000c8dfd2c8,0x00000000cbc80000)
 Metaspace       used 93380K, committed 94528K, reserved 1138688K
  class space    used 9151K, committed 9664K, reserved 1048576K
GC Heap History (20 events):
Event: 14408,734 GC heap after
{Heap after GC invocations=2828 (full 67):
 PSYoungGen      total 30208K, used 820K [0x00000000eab00000, 0x00000000ed180000, 0x0000000100000000)
  eden space 29184K, 0% used [0x00000000eab00000,0x00000000eab00000,0x00000000ec780000)
  from space 1024K, 80% used [0x00000000ece00000,0x00000000ececd200,0x00000000ecf00000)
  to   space 1536K, 0% used [0x00000000ed000000,0x00000000ed000000,0x00000000ed180000)
 ParOldGen       total 193536K, used 183030K [0x00000000c0000000, 0x00000000cbd00000, 0x00000000eab00000)
  object space 193536K, 94% used [0x00000000c0000000,0x00000000cb2bda18,0x00000000cbd00000)
 Metaspace       used 93377K, committed 94528K, reserved 1138688K
  class space    used 9151K, committed 9664K, reserved 1048576K
}
Event: 14408,779 GC heap before
{Heap before GC invocations=2829 (full 67):
 PSYoungGen      total 30208K, used 30004K [0x00000000eab00000, 0x00000000ed180000, 0x0000000100000000)
  eden space 29184K, 100% used [0x00000000eab00000,0x00000000ec780000,0x00000000ec780000)
  from space 1024K, 80% used [0x00000000ece00000,0x00000000ececd200,0x00000000ecf00000)
  to   space 1536K, 0% used [0x00000000ed000000,0x00000000ed000000,0x00000000ed180000)
 ParOldGen       total 193536K, used 183030K [0x00000000c0000000, 0x00000000cbd00000, 0x00000000eab00000)
  object space 193536K, 94% used [0x00000000c0000000,0x00000000cb2bda18,0x00000000cbd00000)
 Metaspace       used 93377K, committed 94528K, reserved 1138688K
  class space    used 9151K, committed 9664K, reserved 1048576K
}
Event: 14408,782 GC heap after
{Heap after GC invocations=2829 (full 67):
 PSYoungGen      total 29184K, used 474K [0x00000000eab00000, 0x00000000ed080000, 0x0000000100000000)
  eden space 28672K, 0% used [0x00000000eab00000,0x00000000eab00000,0x00000000ec700000)
  from space 512K, 92% used [0x00000000ed000000,0x00000000ed076900,0x00000000ed080000)
  to   space 1024K, 0% used [0x00000000ece80000,0x00000000ece80000,0x00000000ecf80000)
 ParOldGen       total 193536K, used 183795K [0x00000000c0000000, 0x00000000cbd00000, 0x00000000eab00000)
  object space 193536K, 94% used [0x00000000c0000000,0x00000000cb37cc58,0x00000000cbd00000)
 Metaspace       used 93377K, committed 94528K, reserved 1138688K
  class space    used 9151K, committed 9664K, reserved 1048576K
}
Event: 14409,075 GC heap before
{Heap before GC invocations=2830 (full 67):
 PSYoungGen      total 29184K, used 29146K [0x00000000eab00000, 0x00000000ed080000, 0x0000000100000000)
  eden space 28672K, 100% used [0x00000000eab00000,0x00000000ec700000,0x00000000ec700000)
  from space 512K, 92% used [0x00000000ed000000,0x00000000ed076900,0x00000000ed080000)
  to   space 1024K, 0% used [0x00000000ece80000,0x00000000ece80000,0x00000000ecf80000)
 ParOldGen       total 193536K, used 183795K [0x00000000c0000000, 0x00000000cbd00000, 0x00000000eab00000)
  object space 193536K, 94% used [0x00000000c0000000,0x00000000cb37cc58,0x00000000cbd00000)
 Metaspace       used 93379K, committed 94528K, reserved 1138688K
  class space    used 9151K, committed 9664K, reserved 1048576K
}
Event: 14409,086 GC heap after
{Heap after GC invocations=2830 (full 67):
 PSYoungGen      total 29184K, used 340K [0x00000000eab00000, 0x00000000ed080000, 0x0000000100000000)
  eden space 28160K, 0% used [0x00000000eab00000,0x00000000eab00000,0x00000000ec680000)
  from space 1024K, 33% used [0x00000000ece80000,0x00000000eced5200,0x00000000ecf80000)
  to   space 512K, 0% used [0x00000000ed000000,0x00000000ed000000,0x00000000ed080000)
 ParOldGen       total 193536K, used 184207K [0x00000000c0000000, 0x00000000cbd00000, 0x00000000eab00000)
  object space 193536K, 95% used [0x00000000c0000000,0x00000000cb3e3eb8,0x00000000cbd00000)
 Metaspace       used 93379K, committed 94528K, reserved 1138688K
  class space    used 9151K, committed 9664K, reserved 1048576K
}
Event: 14409,541 GC heap before
{Heap before GC invocations=2831 (full 67):
 PSYoungGen      total 29184K, used 28500K [0x00000000eab00000, 0x00000000ed080000, 0x0000000100000000)
  eden space 28160K, 100% used [0x00000000eab00000,0x00000000ec680000,0x00000000ec680000)
  from space 1024K, 33% used [0x00000000ece80000,0x00000000eced5200,0x00000000ecf80000)
  to   space 512K, 0% used [0x00000000ed000000,0x00000000ed000000,0x00000000ed080000)
 ParOldGen       total 193536K, used 184207K [0x00000000c0000000, 0x00000000cbd00000, 0x00000000eab00000)
  object space 193536K, 95% used [0x00000000c0000000,0x00000000cb3e3eb8,0x00000000cbd00000)
 Metaspace       used 93379K, committed 94528K, reserved 1138688K
  class space    used 9151K, committed 9664K, reserved 1048576K
}
Event: 14409,554 GC heap after
{Heap after GC invocations=2831 (full 67):
 PSYoungGen      total 28160K, used 388K [0x00000000eab00000, 0x00000000ed080000, 0x0000000100000000)
  eden space 27648K, 0% used [0x00000000eab00000,0x00000000eab00000,0x00000000ec600000)
  from space 512K, 75% used [0x00000000ed000000,0x00000000ed061210,0x00000000ed080000)
  to   space 512K, 0% used [0x00000000ecf80000,0x00000000ecf80000,0x00000000ed000000)
 ParOldGen       total 193536K, used 184500K [0x00000000c0000000, 0x00000000cbd00000, 0x00000000eab00000)
  object space 193536K, 95% used [0x00000000c0000000,0x00000000cb42d0f8,0x00000000cbd00000)
 Metaspace       used 93379K, committed 94528K, reserved 1138688K
  class space    used 9151K, committed 9664K, reserved 1048576K
}
Event: 14409,678 GC heap before
{Heap before GC invocations=2832 (full 67):
 PSYoungGen      total 28160K, used 28036K [0x00000000eab00000, 0x00000000ed080000, 0x0000000100000000)
  eden space 27648K, 100% used [0x00000000eab00000,0x00000000ec600000,0x00000000ec600000)
  from space 512K, 75% used [0x00000000ed000000,0x00000000ed061210,0x00000000ed080000)
  to   space 512K, 0% used [0x00000000ecf80000,0x00000000ecf80000,0x00000000ed000000)
 ParOldGen       total 193536K, used 184500K [0x00000000c0000000, 0x00000000cbd00000, 0x00000000eab00000)
  object space 193536K, 95% used [0x00000000c0000000,0x00000000cb42d0f8,0x00000000cbd00000)
 Metaspace       used 93380K, committed 94528K, reserved 1138688K
  class space    used 9151K, committed 9664K, reserved 1048576K
}
Event: 14409,696 GC heap after
{Heap after GC invocations=2832 (full 67):
 PSYoungGen      total 27648K, used 490K [0x00000000eab00000, 0x00000000eda80000, 0x0000000100000000)
  eden space 27136K, 0% used [0x00000000eab00000,0x00000000eab00000,0x00000000ec580000)
  from space 512K, 95% used [0x00000000ecf80000,0x00000000ecffaba8,0x00000000ed000000)
  to   space 10752K, 0% used [0x00000000ed000000,0x00000000ed000000,0x00000000eda80000)
 ParOldGen       total 193536K, used 193200K [0x00000000c0000000, 0x00000000cbd00000, 0x00000000eab00000)
  object space 193536K, 99% used [0x00000000c0000000,0x00000000cbcac388,0x00000000cbd00000)
 Metaspace       used 93380K, committed 94528K, reserved 1138688K
  class space    used 9151K, committed 9664K, reserved 1048576K
}
Event: 14409,696 GC heap before
{Heap before GC invocations=2833 (full 68):
 PSYoungGen      total 27648K, used 490K [0x00000000eab00000, 0x00000000eda80000, 0x0000000100000000)
  eden space 27136K, 0% used [0x00000000eab00000,0x00000000eab00000,0x00000000ec580000)
  from space 512K, 95% used [0x00000000ecf80000,0x00000000ecffaba8,0x00000000ed000000)
  to   space 10752K, 0% used [0x00000000ed000000,0x00000000ed000000,0x00000000eda80000)
 ParOldGen       total 193536K, used 193200K [0x00000000c0000000, 0x00000000cbd00000, 0x00000000eab00000)
  object space 193536K, 99% used [0x00000000c0000000,0x00000000cbcac388,0x00000000cbd00000)
 Metaspace       used 93380K, committed 94528K, reserved 1138688K
  class space    used 9151K, committed 9664K, reserved 1048576K
}
Event: 14410,107 GC heap after
{Heap after GC invocations=2833 (full 68):
 PSYoungGen      total 36864K, used 0K [0x00000000eab00000, 0x00000000eda00000, 0x0000000100000000)
  eden space 26624K, 0% used [0x00000000eab00000,0x00000000eab00000,0x00000000ec500000)
  from space 10240K, 0% used [0x00000000ed000000,0x00000000ed000000,0x00000000eda00000)
  to   space 10752K, 0% used [0x00000000ec500000,0x00000000ec500000,0x00000000ecf80000)
 ParOldGen       total 193024K, used 141592K [0x00000000c0000000, 0x00000000cbc80000, 0x00000000eab00000)
  object space 193024K, 73% used [0x00000000c0000000,0x00000000c8a46200,0x00000000cbc80000)
 Metaspace       used 93380K, committed 94528K, reserved 1138688K
  class space    used 9151K, committed 9664K, reserved 1048576K
}
Event: 14410,135 GC heap before
{Heap before GC invocations=2834 (full 68):
 PSYoungGen      total 36864K, used 26624K [0x00000000eab00000, 0x00000000eda00000, 0x0000000100000000)
  eden space 26624K, 100% used [0x00000000eab00000,0x00000000ec500000,0x00000000ec500000)
  from space 10240K, 0% used [0x00000000ed000000,0x00000000ed000000,0x00000000eda00000)
  to   space 10752K, 0% used [0x00000000ec500000,0x00000000ec500000,0x00000000ecf80000)
 ParOldGen       total 193024K, used 141592K [0x00000000c0000000, 0x00000000cbc80000, 0x00000000eab00000)
  object space 193024K, 73% used [0x00000000c0000000,0x00000000c8a46200,0x00000000cbc80000)
 Metaspace       used 93380K, committed 94528K, reserved 1138688K
  class space    used 9151K, committed 9664K, reserved 1048576K
}
Event: 14410,143 GC heap after
{Heap after GC invocations=2834 (full 68):
 PSYoungGen      total 27648K, used 1422K [0x00000000eab00000, 0x00000000ed080000, 0x0000000100000000)
  eden space 26112K, 0% used [0x00000000eab00000,0x00000000eab00000,0x00000000ec480000)
  from space 1536K, 92% used [0x00000000ec500000,0x00000000ec663b00,0x00000000ec680000)
  to   space 4608K, 0% used [0x00000000ecc00000,0x00000000ecc00000,0x00000000ed080000)
 ParOldGen       total 193024K, used 141592K [0x00000000c0000000, 0x00000000cbc80000, 0x00000000eab00000)
  object space 193024K, 73% used [0x00000000c0000000,0x00000000c8a46200,0x00000000cbc80000)
 Metaspace       used 93380K, committed 94528K, reserved 1138688K
  class space    used 9151K, committed 9664K, reserved 1048576K
}
Event: 14410,174 GC heap before
{Heap before GC invocations=2835 (full 68):
 PSYoungGen      total 27648K, used 27534K [0x00000000eab00000, 0x00000000ed080000, 0x0000000100000000)
  eden space 26112K, 100% used [0x00000000eab00000,0x00000000ec480000,0x00000000ec480000)
  from space 1536K, 92% used [0x00000000ec500000,0x00000000ec663b00,0x00000000ec680000)
  to   space 4608K, 0% used [0x00000000ecc00000,0x00000000ecc00000,0x00000000ed080000)
 ParOldGen       total 193024K, used 141592K [0x00000000c0000000, 0x00000000cbc80000, 0x00000000eab00000)
  object space 193024K, 73% used [0x00000000c0000000,0x00000000c8a46200,0x00000000cbc80000)
 Metaspace       used 93380K, committed 94528K, reserved 1138688K
  class space    used 9151K, committed 9664K, reserved 1048576K
}
Event: 14410,186 GC heap after
{Heap after GC invocations=2835 (full 68):
 PSYoungGen      total 27136K, used 985K [0x00000000eab00000, 0x00000000ecd00000, 0x0000000100000000)
  eden space 26112K, 0% used [0x00000000eab00000,0x00000000eab00000,0x00000000ec480000)
  from space 1024K, 96% used [0x00000000ecc00000,0x00000000eccf6410,0x00000000ecd00000)
  to   space 2048K, 0% used [0x00000000ec900000,0x00000000ec900000,0x00000000ecb00000)
 ParOldGen       total 193024K, used 142965K [0x00000000c0000000, 0x00000000cbc80000, 0x00000000eab00000)
  object space 193024K, 74% used [0x00000000c0000000,0x00000000c8b9d6d0,0x00000000cbc80000)
 Metaspace       used 93380K, committed 94528K, reserved 1138688K
  class space    used 9151K, committed 9664K, reserved 1048576K
}
Event: 14410,242 GC heap before
{Heap before GC invocations=2836 (full 68):
 PSYoungGen      total 27136K, used 27097K [0x00000000eab00000, 0x00000000ecd00000, 0x0000000100000000)
  eden space 26112K, 100% used [0x00000000eab00000,0x00000000ec480000,0x00000000ec480000)
  from space 1024K, 96% used [0x00000000ecc00000,0x00000000eccf6410,0x00000000ecd00000)
  to   space 2048K, 0% used [0x00000000ec900000,0x00000000ec900000,0x00000000ecb00000)
 ParOldGen       total 193024K, used 142965K [0x00000000c0000000, 0x00000000cbc80000, 0x00000000eab00000)
  object space 193024K, 74% used [0x00000000c0000000,0x00000000c8b9d6d0,0x00000000cbc80000)
 Metaspace       used 93380K, committed 94528K, reserved 1138688K
  class space    used 9151K, committed 9664K, reserved 1048576K
}
Event: 14410,250 GC heap after
{Heap after GC invocations=2836 (full 68):
 PSYoungGen      total 28160K, used 884K [0x00000000eab00000, 0x00000000ecc80000, 0x0000000100000000)
  eden space 26112K, 0% used [0x00000000eab00000,0x00000000eab00000,0x00000000ec480000)
  from space 2048K, 43% used [0x00000000ec900000,0x00000000ec9dd200,0x00000000ecb00000)
  to   space 1024K, 0% used [0x00000000ecb80000,0x00000000ecb80000,0x00000000ecc80000)
 ParOldGen       total 193024K, used 143926K [0x00000000c0000000, 0x00000000cbc80000, 0x00000000eab00000)
  object space 193024K, 74% used [0x00000000c0000000,0x00000000c8c8dbd0,0x00000000cbc80000)
 Metaspace       used 93380K, committed 94528K, reserved 1138688K
  class space    used 9151K, committed 9664K, reserved 1048576K
}
Event: 14410,354 GC heap before
{Heap before GC invocations=2837 (full 68):
 PSYoungGen      total 28160K, used 26996K [0x00000000eab00000, 0x00000000ecc80000, 0x0000000100000000)
  eden space 26112K, 100% used [0x00000000eab00000,0x00000000ec480000,0x00000000ec480000)
  from space 2048K, 43% used [0x00000000ec900000,0x00000000ec9dd200,0x00000000ecb00000)
  to   space 1024K, 0% used [0x00000000ecb80000,0x00000000ecb80000,0x00000000ecc80000)
 ParOldGen       total 193024K, used 143926K [0x00000000c0000000, 0x00000000cbc80000, 0x00000000eab00000)
  object space 193024K, 74% used [0x00000000c0000000,0x00000000c8c8dbd0,0x00000000cbc80000)
 Metaspace       used 93380K, committed 94528K, reserved 1138688K
  class space    used 9151K, committed 9664K, reserved 1048576K
}
Event: 14410,371 GC heap after
{Heap after GC invocations=2837 (full 68):
 PSYoungGen      total 27136K, used 724K [0x00000000eab00000, 0x00000000ecc80000, 0x0000000100000000)
  eden space 26112K, 0% used [0x00000000eab00000,0x00000000eab00000,0x00000000ec480000)
  from space 1024K, 70% used [0x00000000ecb80000,0x00000000ecc35200,0x00000000ecc80000)
  to   space 1024K, 0% used [0x00000000eca80000,0x00000000eca80000,0x00000000ecb80000)
 ParOldGen       total 193024K, used 144743K [0x00000000c0000000, 0x00000000cbc80000, 0x00000000eab00000)
  object space 193024K, 74% used [0x00000000c0000000,0x00000000c8d59e40,0x00000000cbc80000)
 Metaspace       used 93380K, committed 94528K, reserved 1138688K
  class space    used 9151K, committed 9664K, reserved 1048576K
}
Event: 14410,742 GC heap before
{Heap before GC invocations=2838 (full 68):
 PSYoungGen      total 27136K, used 26836K [0x00000000eab00000, 0x00000000ecc80000, 0x0000000100000000)
  eden space 26112K, 100% used [0x00000000eab00000,0x00000000ec480000,0x00000000ec480000)
  from space 1024K, 70% used [0x00000000ecb80000,0x00000000ecc35200,0x00000000ecc80000)
  to   space 1024K, 0% used [0x00000000eca80000,0x00000000eca80000,0x00000000ecb80000)
 ParOldGen       total 193024K, used 144743K [0x00000000c0000000, 0x00000000cbc80000, 0x00000000eab00000)
  object space 193024K, 74% used [0x00000000c0000000,0x00000000c8d59e40,0x00000000cbc80000)
 Metaspace       used 93380K, committed 94528K, reserved 1138688K
  class space    used 9151K, committed 9664K, reserved 1048576K
}

